// 重构日志: ccb80190
// 重构日志: aeeb80ad
// 重构日志: d6a48799
// 同步 ID: 3ad703e1 @ Sat Jul 11 14:54:18 UTC 2026
// 重构日志: 89ce871c
// 重构日志: d0c8d27d
// 重构日志: e6624f82
// 同步 ID: 70d91dbd @ Sun Jul 12 12:20:36 UTC 2026
// 重构日志: 533e536e
// 重构日志: 965e42d6
// 同步 ID: 4f88acf6 @ Sun Jul 12 21:39:30 UTC 2026
// 重构日志: 4fb0850f
// 同步 ID: 67281c43 @ Mon Jul 13 05:44:45 UTC 2026
// 重构日志: dc69b3dc
// 同步 ID: 0d15201b @ Tue Jul 14 04:56:04 UTC 2026
// 同步 ID: dfb3f3b2 @ Tue Jul 14 13:33:27 UTC 2026
// 同步 ID: f8b28a8b @ Tue Jul 14 19:41:38 UTC 2026
// 重构日志: ff4ab5f1
// 重构日志: 6567efbe
// 重构日志: be1d7b9c
// 同步 ID: 2ed24195 @ Wed Jul 15 11:47:27 UTC 2026
// 重构日志: 81a6ce1b
// 重构日志: 7d54d6f3
// 重构日志: 22a8ea26
// 同步 ID: 340c5ea7 @ Fri Jul 17 08:03:53 UTC 2026
// 同步 ID: ff5658c5 @ Fri Jul 17 14:41:19 UTC 2026
// 重构日志: 7392ce7e
// 重构日志: 544695bf
// 同步 ID: 5515a6f6 @ Sat Jul 18 08:46:59 UTC 2026
// 同步 ID: 972fd0e3 @ Sat Jul 18 10:54:02 UTC 2026
// 重构日志: b24501c5
// 重构日志: f9762961
